{"C:\\Users\\maxim\\Desktop\\wild_code_school\\alternance\\projets\\2024-09-wns-jaune-blablawild\\Backend\\src\\index.ts": {"path":"C:\\Users\\maxim\\Desktop\\wild_code_school\\alternance\\projets\\2024-09-wns-jaune-blablawild\\Backend\\src\\index.ts","statementMap":{"0":{"start":{"line":1,"column":0},"end":{"line":1,"column":26}},"1":{"start":{"line":2,"column":0},"end":{"line":2,"column":46}},"2":{"start":{"line":3,"column":0},"end":{"line":3,"column":66}},"3":{"start":{"line":4,"column":0},"end":{"line":4,"column":43}},"4":{"start":{"line":5,"column":0},"end":{"line":5,"column":41}},"5":{"start":{"line":6,"column":0},"end":{"line":6,"column":56}},"6":{"start":{"line":7,"column":0},"end":{"line":7,"column":56}},"7":{"start":{"line":10,"column":2},"end":{"line":10,"column":32}},"8":{"start":{"line":11,"column":17},"end":{"line":13,"column":4}},"9":{"start":{"line":15,"column":17},"end":{"line":15,"column":45}},"10":{"start":{"line":16,"column":18},"end":{"line":18,"column":4}},"11":{"start":{"line":20,"column":2},"end":{"line":20,"column":45}},"12":{"start":{"line":23,"column":0},"end":{"line":23,"column":21}}},"fnMap":{"0":{"name":"StartGraphQLServer","decl":{"start":{"line":9,"column":15},"end":{"line":9,"column":33}},"loc":{"start":{"line":9,"column":33},"end":{"line":21,"column":null}}}},"branchMap":{},"s":{"0":0,"1":0,"2":0,"3":0,"4":0,"5":0,"6":0,"7":0,"8":0,"9":0,"10":0,"11":0,"12":0},"f":{"0":0},"b":{}}
,"C:\\Users\\maxim\\Desktop\\wild_code_school\\alternance\\projets\\2024-09-wns-jaune-blablawild\\Backend\\src\\config\\db.ts": {"path":"C:\\Users\\maxim\\Desktop\\wild_code_school\\alternance\\projets\\2024-09-wns-jaune-blablawild\\Backend\\src\\config\\db.ts","statementMap":{"0":{"start":{"line":1,"column":0},"end":{"line":1,"column":37}},"1":{"start":{"line":2,"column":0},"end":{"line":2,"column":32}},"2":{"start":{"line":3,"column":0},"end":{"line":3,"column":40}},"3":{"start":{"line":4,"column":0},"end":{"line":4,"column":44}},"4":{"start":{"line":5,"column":0},"end":{"line":5,"column":40}},"5":{"start":{"line":6,"column":0},"end":{"line":6,"column":54}},"6":{"start":{"line":8,"column":0},"end":{"line":8,"column":9}},"7":{"start":{"line":10,"column":44},"end":{"line":10,"column":55}},"8":{"start":{"line":12,"column":13},"end":{"line":21,"column":3}}},"fnMap":{},"branchMap":{},"s":{"0":0,"1":0,"2":0,"3":0,"4":0,"5":0,"6":0,"7":0,"8":0},"f":{},"b":{}}
,"C:\\Users\\maxim\\Desktop\\wild_code_school\\alternance\\projets\\2024-09-wns-jaune-blablawild\\Backend\\src\\entities\\review.ts": {"path":"C:\\Users\\maxim\\Desktop\\wild_code_school\\alternance\\projets\\2024-09-wns-jaune-blablawild\\Backend\\src\\entities\\review.ts","statementMap":{"0":{"start":{"line":1,"column":0},"end":{"line":1,"column":53}},"1":{"start":{"line":2,"column":0},"end":{"line":2,"column":null}},"2":{"start":{"line":9,"column":0},"end":{"line":9,"column":30}},"3":{"start":{"line":10,"column":0},"end":{"line":10,"column":30}},"4":{"start":{"line":14,"column":7},"end":{"line":42,"column":null}},"5":{"start":{"line":14,"column":13},"end":{"line":14,"column":19}},"6":{"start":{"line":17,"column":2},"end":{"line":17,"column":null}},"7":{"start":{"line":15,"column":15},"end":{"line":15,"column":17}},"8":{"start":{"line":21,"column":2},"end":{"line":21,"column":null}},"9":{"start":{"line":25,"column":2},"end":{"line":25,"column":null}},"10":{"start":{"line":29,"column":2},"end":{"line":29,"column":null}},"11":{"start":{"line":33,"column":2},"end":{"line":33,"column":null}},"12":{"start":{"line":31,"column":15},"end":{"line":31,"column":19}},"13":{"start":{"line":32,"column":19},"end":{"line":32,"column":23}},"14":{"start":{"line":32,"column":35},"end":{"line":32,"column":55}},"15":{"start":{"line":37,"column":2},"end":{"line":37,"column":null}},"16":{"start":{"line":35,"column":15},"end":{"line":35,"column":19}},"17":{"start":{"line":36,"column":19},"end":{"line":36,"column":23}},"18":{"start":{"line":36,"column":35},"end":{"line":36,"column":51}},"19":{"start":{"line":41,"column":2},"end":{"line":41,"column":null}},"20":{"start":{"line":39,"column":15},"end":{"line":39,"column":19}},"21":{"start":{"line":40,"column":19},"end":{"line":40,"column":23}},"22":{"start":{"line":40,"column":35},"end":{"line":40,"column":47}},"23":{"start":{"line":14,"column":13},"end":{"line":42,"column":null}}},"fnMap":{"0":{"name":"(anonymous_2)","decl":{"start":{"line":15,"column":9},"end":{"line":15,"column":12}},"loc":{"start":{"line":15,"column":15},"end":{"line":15,"column":17}}},"1":{"name":"(anonymous_3)","decl":{"start":{"line":31,"column":9},"end":{"line":31,"column":12}},"loc":{"start":{"line":31,"column":15},"end":{"line":31,"column":19}}},"2":{"name":"(anonymous_4)","decl":{"start":{"line":32,"column":13},"end":{"line":32,"column":16}},"loc":{"start":{"line":32,"column":19},"end":{"line":32,"column":23}}},"3":{"name":"(anonymous_5)","decl":{"start":{"line":32,"column":25},"end":{"line":32,"column":26}},"loc":{"start":{"line":32,"column":35},"end":{"line":32,"column":55}}},"4":{"name":"(anonymous_6)","decl":{"start":{"line":35,"column":9},"end":{"line":35,"column":12}},"loc":{"start":{"line":35,"column":15},"end":{"line":35,"column":19}}},"5":{"name":"(anonymous_7)","decl":{"start":{"line":36,"column":13},"end":{"line":36,"column":16}},"loc":{"start":{"line":36,"column":19},"end":{"line":36,"column":23}}},"6":{"name":"(anonymous_8)","decl":{"start":{"line":36,"column":25},"end":{"line":36,"column":26}},"loc":{"start":{"line":36,"column":35},"end":{"line":36,"column":51}}},"7":{"name":"(anonymous_9)","decl":{"start":{"line":39,"column":9},"end":{"line":39,"column":12}},"loc":{"start":{"line":39,"column":15},"end":{"line":39,"column":19}}},"8":{"name":"(anonymous_10)","decl":{"start":{"line":40,"column":13},"end":{"line":40,"column":16}},"loc":{"start":{"line":40,"column":19},"end":{"line":40,"column":23}}},"9":{"name":"(anonymous_11)","decl":{"start":{"line":40,"column":25},"end":{"line":40,"column":26}},"loc":{"start":{"line":40,"column":35},"end":{"line":40,"column":47}}}},"branchMap":{},"s":{"0":3,"1":3,"2":3,"3":3,"4":3,"5":3,"6":3,"7":0,"8":3,"9":3,"10":3,"11":3,"12":0,"13":0,"14":0,"15":3,"16":0,"17":0,"18":0,"19":3,"20":0,"21":0,"22":0,"23":3},"f":{"0":0,"1":0,"2":0,"3":0,"4":0,"5":0,"6":0,"7":0,"8":0,"9":0},"b":{}}
,"C:\\Users\\maxim\\Desktop\\wild_code_school\\alternance\\projets\\2024-09-wns-jaune-blablawild\\Backend\\src\\entities\\transaction.ts": {"path":"C:\\Users\\maxim\\Desktop\\wild_code_school\\alternance\\projets\\2024-09-wns-jaune-blablawild\\Backend\\src\\entities\\transaction.ts","statementMap":{"0":{"start":{"line":1,"column":0},"end":{"line":1,"column":53}},"1":{"start":{"line":2,"column":0},"end":{"line":2,"column":null}},"2":{"start":{"line":9,"column":0},"end":{"line":9,"column":30}},"3":{"start":{"line":10,"column":0},"end":{"line":10,"column":30}},"4":{"start":{"line":14,"column":7},"end":{"line":46,"column":null}},"5":{"start":{"line":14,"column":13},"end":{"line":14,"column":24}},"6":{"start":{"line":17,"column":2},"end":{"line":17,"column":null}},"7":{"start":{"line":15,"column":15},"end":{"line":15,"column":17}},"8":{"start":{"line":21,"column":2},"end":{"line":21,"column":null}},"9":{"start":{"line":25,"column":2},"end":{"line":25,"column":null}},"10":{"start":{"line":29,"column":2},"end":{"line":29,"column":null}},"11":{"start":{"line":33,"column":2},"end":{"line":33,"column":null}},"12":{"start":{"line":37,"column":2},"end":{"line":37,"column":null}},"13":{"start":{"line":35,"column":15},"end":{"line":35,"column":19}},"14":{"start":{"line":36,"column":19},"end":{"line":36,"column":23}},"15":{"start":{"line":36,"column":35},"end":{"line":36,"column":52}},"16":{"start":{"line":41,"column":2},"end":{"line":41,"column":null}},"17":{"start":{"line":39,"column":15},"end":{"line":39,"column":19}},"18":{"start":{"line":40,"column":19},"end":{"line":40,"column":23}},"19":{"start":{"line":40,"column":35},"end":{"line":40,"column":60}},"20":{"start":{"line":45,"column":2},"end":{"line":45,"column":null}},"21":{"start":{"line":43,"column":15},"end":{"line":43,"column":19}},"22":{"start":{"line":44,"column":19},"end":{"line":44,"column":23}},"23":{"start":{"line":44,"column":35},"end":{"line":44,"column":56}},"24":{"start":{"line":14,"column":13},"end":{"line":46,"column":null}}},"fnMap":{"0":{"name":"(anonymous_2)","decl":{"start":{"line":15,"column":9},"end":{"line":15,"column":12}},"loc":{"start":{"line":15,"column":15},"end":{"line":15,"column":17}}},"1":{"name":"(anonymous_3)","decl":{"start":{"line":35,"column":9},"end":{"line":35,"column":12}},"loc":{"start":{"line":35,"column":15},"end":{"line":35,"column":19}}},"2":{"name":"(anonymous_4)","decl":{"start":{"line":36,"column":13},"end":{"line":36,"column":16}},"loc":{"start":{"line":36,"column":19},"end":{"line":36,"column":23}}},"3":{"name":"(anonymous_5)","decl":{"start":{"line":36,"column":25},"end":{"line":36,"column":26}},"loc":{"start":{"line":36,"column":35},"end":{"line":36,"column":52}}},"4":{"name":"(anonymous_6)","decl":{"start":{"line":39,"column":9},"end":{"line":39,"column":12}},"loc":{"start":{"line":39,"column":15},"end":{"line":39,"column":19}}},"5":{"name":"(anonymous_7)","decl":{"start":{"line":40,"column":13},"end":{"line":40,"column":16}},"loc":{"start":{"line":40,"column":19},"end":{"line":40,"column":23}}},"6":{"name":"(anonymous_8)","decl":{"start":{"line":40,"column":25},"end":{"line":40,"column":26}},"loc":{"start":{"line":40,"column":35},"end":{"line":40,"column":60}}},"7":{"name":"(anonymous_9)","decl":{"start":{"line":43,"column":9},"end":{"line":43,"column":12}},"loc":{"start":{"line":43,"column":15},"end":{"line":43,"column":19}}},"8":{"name":"(anonymous_10)","decl":{"start":{"line":44,"column":13},"end":{"line":44,"column":16}},"loc":{"start":{"line":44,"column":19},"end":{"line":44,"column":23}}},"9":{"name":"(anonymous_11)","decl":{"start":{"line":44,"column":25},"end":{"line":44,"column":26}},"loc":{"start":{"line":44,"column":35},"end":{"line":44,"column":56}}}},"branchMap":{},"s":{"0":3,"1":3,"2":3,"3":3,"4":3,"5":3,"6":3,"7":0,"8":3,"9":3,"10":3,"11":3,"12":3,"13":0,"14":0,"15":0,"16":3,"17":0,"18":0,"19":0,"20":3,"21":0,"22":0,"23":0,"24":3},"f":{"0":0,"1":0,"2":0,"3":0,"4":0,"5":0,"6":0,"7":0,"8":0,"9":0},"b":{}}
,"C:\\Users\\maxim\\Desktop\\wild_code_school\\alternance\\projets\\2024-09-wns-jaune-blablawild\\Backend\\src\\entities\\trip.ts": {"path":"C:\\Users\\maxim\\Desktop\\wild_code_school\\alternance\\projets\\2024-09-wns-jaune-blablawild\\Backend\\src\\entities\\trip.ts","statementMap":{"0":{"start":{"line":1,"column":0},"end":{"line":1,"column":53}},"1":{"start":{"line":2,"column":0},"end":{"line":2,"column":null}},"2":{"start":{"line":12,"column":0},"end":{"line":12,"column":30}},"3":{"start":{"line":13,"column":0},"end":{"line":13,"column":34}},"4":{"start":{"line":14,"column":0},"end":{"line":14,"column":44}},"5":{"start":{"line":15,"column":0},"end":{"line":15,"column":46}},"6":{"start":{"line":19,"column":7},"end":{"line":64,"column":null}},"7":{"start":{"line":19,"column":13},"end":{"line":19,"column":17}},"8":{"start":{"line":22,"column":2},"end":{"line":22,"column":null}},"9":{"start":{"line":20,"column":15},"end":{"line":20,"column":17}},"10":{"start":{"line":26,"column":2},"end":{"line":26,"column":null}},"11":{"start":{"line":30,"column":2},"end":{"line":30,"column":null}},"12":{"start":{"line":34,"column":2},"end":{"line":34,"column":null}},"13":{"start":{"line":38,"column":2},"end":{"line":38,"column":null}},"14":{"start":{"line":42,"column":2},"end":{"line":42,"column":null}},"15":{"start":{"line":46,"column":2},"end":{"line":46,"column":null}},"16":{"start":{"line":44,"column":15},"end":{"line":44,"column":25}},"17":{"start":{"line":51,"column":2},"end":{"line":51,"column":null}},"18":{"start":{"line":48,"column":15},"end":{"line":48,"column":21}},"19":{"start":{"line":50,"column":20},"end":{"line":50,"column":24}},"20":{"start":{"line":50,"column":36},"end":{"line":50,"column":56}},"21":{"start":{"line":55,"column":2},"end":{"line":55,"column":null}},"22":{"start":{"line":53,"column":15},"end":{"line":53,"column":19}},"23":{"start":{"line":54,"column":19},"end":{"line":54,"column":23}},"24":{"start":{"line":54,"column":35},"end":{"line":54,"column":52}},"25":{"start":{"line":59,"column":2},"end":{"line":59,"column":null}},"26":{"start":{"line":57,"column":15},"end":{"line":57,"column":23}},"27":{"start":{"line":58,"column":19},"end":{"line":58,"column":25}},"28":{"start":{"line":58,"column":39},"end":{"line":58,"column":50}},"29":{"start":{"line":63,"column":2},"end":{"line":63,"column":null}},"30":{"start":{"line":61,"column":15},"end":{"line":61,"column":28}},"31":{"start":{"line":62,"column":19},"end":{"line":62,"column":30}},"32":{"start":{"line":62,"column":49},"end":{"line":62,"column":65}},"33":{"start":{"line":19,"column":13},"end":{"line":64,"column":null}}},"fnMap":{"0":{"name":"(anonymous_2)","decl":{"start":{"line":20,"column":9},"end":{"line":20,"column":12}},"loc":{"start":{"line":20,"column":15},"end":{"line":20,"column":17}}},"1":{"name":"(anonymous_3)","decl":{"start":{"line":44,"column":9},"end":{"line":44,"column":12}},"loc":{"start":{"line":44,"column":15},"end":{"line":44,"column":25}}},"2":{"name":"(anonymous_4)","decl":{"start":{"line":48,"column":9},"end":{"line":48,"column":12}},"loc":{"start":{"line":48,"column":15},"end":{"line":48,"column":21}}},"3":{"name":"(anonymous_5)","decl":{"start":{"line":50,"column":14},"end":{"line":50,"column":17}},"loc":{"start":{"line":50,"column":20},"end":{"line":50,"column":24}}},"4":{"name":"(anonymous_6)","decl":{"start":{"line":50,"column":26},"end":{"line":50,"column":27}},"loc":{"start":{"line":50,"column":36},"end":{"line":50,"column":56}}},"5":{"name":"(anonymous_7)","decl":{"start":{"line":53,"column":9},"end":{"line":53,"column":12}},"loc":{"start":{"line":53,"column":15},"end":{"line":53,"column":19}}},"6":{"name":"(anonymous_8)","decl":{"start":{"line":54,"column":13},"end":{"line":54,"column":16}},"loc":{"start":{"line":54,"column":19},"end":{"line":54,"column":23}}},"7":{"name":"(anonymous_9)","decl":{"start":{"line":54,"column":25},"end":{"line":54,"column":26}},"loc":{"start":{"line":54,"column":35},"end":{"line":54,"column":52}}},"8":{"name":"(anonymous_10)","decl":{"start":{"line":57,"column":9},"end":{"line":57,"column":12}},"loc":{"start":{"line":57,"column":15},"end":{"line":57,"column":23}}},"9":{"name":"(anonymous_11)","decl":{"start":{"line":58,"column":13},"end":{"line":58,"column":16}},"loc":{"start":{"line":58,"column":19},"end":{"line":58,"column":25}}},"10":{"name":"(anonymous_12)","decl":{"start":{"line":58,"column":27},"end":{"line":58,"column":28}},"loc":{"start":{"line":58,"column":39},"end":{"line":58,"column":50}}},"11":{"name":"(anonymous_13)","decl":{"start":{"line":61,"column":9},"end":{"line":61,"column":12}},"loc":{"start":{"line":61,"column":15},"end":{"line":61,"column":28}}},"12":{"name":"(anonymous_14)","decl":{"start":{"line":62,"column":13},"end":{"line":62,"column":16}},"loc":{"start":{"line":62,"column":19},"end":{"line":62,"column":30}}},"13":{"name":"(anonymous_15)","decl":{"start":{"line":62,"column":32},"end":{"line":62,"column":33}},"loc":{"start":{"line":62,"column":49},"end":{"line":62,"column":65}}}},"branchMap":{},"s":{"0":2,"1":2,"2":2,"3":2,"4":2,"5":2,"6":2,"7":2,"8":2,"9":0,"10":2,"11":2,"12":2,"13":2,"14":2,"15":2,"16":0,"17":2,"18":0,"19":0,"20":0,"21":2,"22":0,"23":0,"24":0,"25":2,"26":0,"27":0,"28":0,"29":2,"30":0,"31":0,"32":0,"33":2},"f":{"0":0,"1":0,"2":0,"3":0,"4":0,"5":0,"6":0,"7":0,"8":0,"9":0,"10":0,"11":0,"12":0,"13":0},"b":{}}
,"C:\\Users\\maxim\\Desktop\\wild_code_school\\alternance\\projets\\2024-09-wns-jaune-blablawild\\Backend\\src\\entities\\user.ts": {"path":"C:\\Users\\maxim\\Desktop\\wild_code_school\\alternance\\projets\\2024-09-wns-jaune-blablawild\\Backend\\src\\entities\\user.ts","statementMap":{"0":{"start":{"line":1,"column":0},"end":{"line":1,"column":53}},"1":{"start":{"line":2,"column":0},"end":{"line":2,"column":null}},"2":{"start":{"line":10,"column":0},"end":{"line":10,"column":30}},"3":{"start":{"line":11,"column":0},"end":{"line":11,"column":34}},"4":{"start":{"line":12,"column":0},"end":{"line":12,"column":44}},"5":{"start":{"line":16,"column":7},"end":{"line":73,"column":null}},"6":{"start":{"line":16,"column":13},"end":{"line":16,"column":17}},"7":{"start":{"line":19,"column":2},"end":{"line":19,"column":null}},"8":{"start":{"line":17,"column":15},"end":{"line":17,"column":17}},"9":{"start":{"line":23,"column":2},"end":{"line":23,"column":null}},"10":{"start":{"line":27,"column":2},"end":{"line":27,"column":null}},"11":{"start":{"line":31,"column":2},"end":{"line":31,"column":null}},"12":{"start":{"line":35,"column":2},"end":{"line":35,"column":null}},"13":{"start":{"line":39,"column":2},"end":{"line":39,"column":null}},"14":{"start":{"line":48,"column":2},"end":{"line":48,"column":null}},"15":{"start":{"line":52,"column":2},"end":{"line":52,"column":null}},"16":{"start":{"line":50,"column":15},"end":{"line":50,"column":21}},"17":{"start":{"line":51,"column":20},"end":{"line":51,"column":24}},"18":{"start":{"line":51,"column":36},"end":{"line":51,"column":51}},"19":{"start":{"line":56,"column":2},"end":{"line":56,"column":null}},"20":{"start":{"line":54,"column":15},"end":{"line":54,"column":21}},"21":{"start":{"line":55,"column":19},"end":{"line":55,"column":23}},"22":{"start":{"line":55,"column":35},"end":{"line":55,"column":46}},"23":{"start":{"line":60,"column":2},"end":{"line":60,"column":null}},"24":{"start":{"line":58,"column":15},"end":{"line":58,"column":23}},"25":{"start":{"line":59,"column":19},"end":{"line":59,"column":25}},"26":{"start":{"line":59,"column":39},"end":{"line":59,"column":54}},"27":{"start":{"line":64,"column":2},"end":{"line":64,"column":null}},"28":{"start":{"line":62,"column":15},"end":{"line":62,"column":23}},"29":{"start":{"line":63,"column":19},"end":{"line":63,"column":25}},"30":{"start":{"line":63,"column":39},"end":{"line":63,"column":52}},"31":{"start":{"line":68,"column":2},"end":{"line":68,"column":null}},"32":{"start":{"line":66,"column":15},"end":{"line":66,"column":28}},"33":{"start":{"line":67,"column":19},"end":{"line":67,"column":30}},"34":{"start":{"line":67,"column":49},"end":{"line":67,"column":69}},"35":{"start":{"line":72,"column":2},"end":{"line":72,"column":null}},"36":{"start":{"line":70,"column":15},"end":{"line":70,"column":28}},"37":{"start":{"line":71,"column":19},"end":{"line":71,"column":30}},"38":{"start":{"line":71,"column":49},"end":{"line":71,"column":67}},"39":{"start":{"line":16,"column":13},"end":{"line":73,"column":null}}},"fnMap":{"0":{"name":"(anonymous_2)","decl":{"start":{"line":17,"column":9},"end":{"line":17,"column":12}},"loc":{"start":{"line":17,"column":15},"end":{"line":17,"column":17}}},"1":{"name":"(anonymous_3)","decl":{"start":{"line":50,"column":9},"end":{"line":50,"column":12}},"loc":{"start":{"line":50,"column":15},"end":{"line":50,"column":21}}},"2":{"name":"(anonymous_4)","decl":{"start":{"line":51,"column":14},"end":{"line":51,"column":17}},"loc":{"start":{"line":51,"column":20},"end":{"line":51,"column":24}}},"3":{"name":"(anonymous_5)","decl":{"start":{"line":51,"column":26},"end":{"line":51,"column":27}},"loc":{"start":{"line":51,"column":36},"end":{"line":51,"column":51}}},"4":{"name":"(anonymous_6)","decl":{"start":{"line":54,"column":9},"end":{"line":54,"column":12}},"loc":{"start":{"line":54,"column":15},"end":{"line":54,"column":21}}},"5":{"name":"(anonymous_7)","decl":{"start":{"line":55,"column":13},"end":{"line":55,"column":16}},"loc":{"start":{"line":55,"column":19},"end":{"line":55,"column":23}}},"6":{"name":"(anonymous_8)","decl":{"start":{"line":55,"column":25},"end":{"line":55,"column":26}},"loc":{"start":{"line":55,"column":35},"end":{"line":55,"column":46}}},"7":{"name":"(anonymous_9)","decl":{"start":{"line":58,"column":9},"end":{"line":58,"column":12}},"loc":{"start":{"line":58,"column":15},"end":{"line":58,"column":23}}},"8":{"name":"(anonymous_10)","decl":{"start":{"line":59,"column":13},"end":{"line":59,"column":16}},"loc":{"start":{"line":59,"column":19},"end":{"line":59,"column":25}}},"9":{"name":"(anonymous_11)","decl":{"start":{"line":59,"column":27},"end":{"line":59,"column":28}},"loc":{"start":{"line":59,"column":39},"end":{"line":59,"column":54}}},"10":{"name":"(anonymous_12)","decl":{"start":{"line":62,"column":9},"end":{"line":62,"column":12}},"loc":{"start":{"line":62,"column":15},"end":{"line":62,"column":23}}},"11":{"name":"(anonymous_13)","decl":{"start":{"line":63,"column":13},"end":{"line":63,"column":16}},"loc":{"start":{"line":63,"column":19},"end":{"line":63,"column":25}}},"12":{"name":"(anonymous_14)","decl":{"start":{"line":63,"column":27},"end":{"line":63,"column":28}},"loc":{"start":{"line":63,"column":39},"end":{"line":63,"column":52}}},"13":{"name":"(anonymous_15)","decl":{"start":{"line":66,"column":9},"end":{"line":66,"column":12}},"loc":{"start":{"line":66,"column":15},"end":{"line":66,"column":28}}},"14":{"name":"(anonymous_16)","decl":{"start":{"line":67,"column":13},"end":{"line":67,"column":16}},"loc":{"start":{"line":67,"column":19},"end":{"line":67,"column":30}}},"15":{"name":"(anonymous_17)","decl":{"start":{"line":67,"column":32},"end":{"line":67,"column":33}},"loc":{"start":{"line":67,"column":49},"end":{"line":67,"column":69}}},"16":{"name":"(anonymous_18)","decl":{"start":{"line":70,"column":9},"end":{"line":70,"column":12}},"loc":{"start":{"line":70,"column":15},"end":{"line":70,"column":28}}},"17":{"name":"(anonymous_19)","decl":{"start":{"line":71,"column":13},"end":{"line":71,"column":16}},"loc":{"start":{"line":71,"column":19},"end":{"line":71,"column":30}}},"18":{"name":"(anonymous_20)","decl":{"start":{"line":71,"column":32},"end":{"line":71,"column":33}},"loc":{"start":{"line":71,"column":49},"end":{"line":71,"column":67}}}},"branchMap":{},"s":{"0":3,"1":3,"2":3,"3":3,"4":3,"5":3,"6":3,"7":3,"8":0,"9":3,"10":3,"11":3,"12":3,"13":3,"14":3,"15":3,"16":0,"17":0,"18":0,"19":3,"20":0,"21":0,"22":0,"23":3,"24":0,"25":0,"26":0,"27":3,"28":0,"29":0,"30":0,"31":3,"32":0,"33":0,"34":0,"35":3,"36":0,"37":0,"38":0,"39":3},"f":{"0":0,"1":0,"2":0,"3":0,"4":0,"5":0,"6":0,"7":0,"8":0,"9":0,"10":0,"11":0,"12":0,"13":0,"14":0,"15":0,"16":0,"17":0,"18":0},"b":{}}
,"C:\\Users\\maxim\\Desktop\\wild_code_school\\alternance\\projets\\2024-09-wns-jaune-blablawild\\Backend\\src\\resolvers\\tripResolver.ts": {"path":"C:\\Users\\maxim\\Desktop\\wild_code_school\\alternance\\projets\\2024-09-wns-jaune-blablawild\\Backend\\src\\resolvers\\tripResolver.ts","statementMap":{"0":{"start":{"line":1,"column":0},"end":{"line":1,"column":62}},"1":{"start":{"line":2,"column":0},"end":{"line":2,"column":40}},"2":{"start":{"line":3,"column":0},"end":{"line":3,"column":92}},"3":{"start":{"line":4,"column":0},"end":{"line":4,"column":40}},"4":{"start":{"line":5,"column":0},"end":{"line":5,"column":96}},"5":{"start":{"line":10,"column":7},"end":{"line":110,"column":null}},"6":{"start":{"line":13,"column":42},"end":{"line":18,"column":6}},"7":{"start":{"line":20,"column":18},"end":{"line":20,"column":20}},"8":{"start":{"line":21,"column":4},"end":{"line":25,"column":5}},"9":{"start":{"line":22,"column":6},"end":{"line":22,"column":33}},"10":{"start":{"line":23,"column":11},"end":{"line":25,"column":5}},"11":{"start":{"line":24,"column":6},"end":{"line":24,"column":42}},"12":{"start":{"line":27,"column":4},"end":{"line":63,"column":5}},"13":{"start":{"line":28,"column":20},"end":{"line":35,"column":8}},"14":{"start":{"line":37,"column":26},"end":{"line":37,"column":31}},"15":{"start":{"line":39,"column":6},"end":{"line":58,"column":7}},"16":{"start":{"line":40,"column":8},"end":{"line":57,"column":11}},"17":{"start":{"line":41,"column":32},"end":{"line":41,"column":75}},"18":{"start":{"line":43,"column":10},"end":{"line":56,"column":13}},"19":{"start":{"line":44,"column":12},"end":{"line":55,"column":13}},"20":{"start":{"line":46,"column":16},"end":{"line":46,"column":41}},"21":{"start":{"line":48,"column":16},"end":{"line":48,"column":64}},"22":{"start":{"line":50,"column":16},"end":{"line":50,"column":65}},"23":{"start":{"line":52,"column":16},"end":{"line":52,"column":43}},"24":{"start":{"line":54,"column":16},"end":{"line":54,"column":28}},"25":{"start":{"line":60,"column":6},"end":{"line":60,"column":27}},"26":{"start":{"line":62,"column":6},"end":{"line":62,"column":18}},"27":{"start":{"line":68,"column":24},"end":{"line":70,"column":6}},"28":{"start":{"line":71,"column":4},"end":{"line":71,"column":23}},"29":{"start":{"line":79,"column":18},"end":{"line":79,"column":28}},"30":{"start":{"line":81,"column":27},"end":{"line":81,"column":53}},"31":{"start":{"line":83,"column":4},"end":{"line":88,"column":5}},"32":{"start":{"line":84,"column":6},"end":{"line":84,"column":51}},"33":{"start":{"line":85,"column":11},"end":{"line":88,"column":5}},"34":{"start":{"line":86,"column":6},"end":{"line":86,"column":51}},"35":{"start":{"line":87,"column":11},"end":{"line":88,"column":5}},"36":{"start":{"line":90,"column":18},"end":{"line":93,"column":6}},"37":{"start":{"line":95,"column":4},"end":{"line":97,"column":5}},"38":{"start":{"line":96,"column":6},"end":{"line":96,"column":54}},"39":{"start":{"line":99,"column":4},"end":{"line":99,"column":17}},"40":{"start":{"line":104,"column":19},"end":{"line":104,"column":62}},"41":{"start":{"line":105,"column":17},"end":{"line":105,"column":27}},"42":{"start":{"line":106,"column":4},"end":{"line":106,"column":30}},"43":{"start":{"line":107,"column":4},"end":{"line":107,"column":22}},"44":{"start":{"line":108,"column":4},"end":{"line":108,"column":55}},"45":{"start":{"line":10,"column":13},"end":{"line":10,"column":25}},"46":{"start":{"line":12,"column":8},"end":{"line":64,"column":null}},"47":{"start":{"line":11,"column":15},"end":{"line":11,"column":21}},"48":{"start":{"line":12,"column":35},"end":{"line":12,"column":50}},"49":{"start":{"line":67,"column":8},"end":{"line":72,"column":null}},"50":{"start":{"line":66,"column":15},"end":{"line":66,"column":21}},"51":{"start":{"line":75,"column":8},"end":{"line":100,"column":null}},"52":{"start":{"line":74,"column":15},"end":{"line":74,"column":21}},"53":{"start":{"line":103,"column":8},"end":{"line":109,"column":null}},"54":{"start":{"line":102,"column":18},"end":{"line":102,"column":24}},"55":{"start":{"line":103,"column":38},"end":{"line":103,"column":53}},"56":{"start":{"line":10,"column":13},"end":{"line":110,"column":null}}},"fnMap":{"0":{"name":"(anonymous_11)","decl":{"start":{"line":12,"column":8},"end":{"line":12,"column":15}},"loc":{"start":{"line":12,"column":73},"end":{"line":64,"column":null}}},"1":{"name":"(anonymous_13)","decl":{"start":{"line":40,"column":37},"end":{"line":40,"column":41}},"loc":{"start":{"line":40,"column":44},"end":{"line":57,"column":9}}},"2":{"name":"(anonymous_14)","decl":{"start":{"line":43,"column":40},"end":{"line":43,"column":46}},"loc":{"start":{"line":43,"column":49},"end":{"line":56,"column":11}}},"3":{"name":"(anonymous_15)","decl":{"start":{"line":67,"column":8},"end":{"line":67,"column":22}},"loc":{"start":{"line":67,"column":22},"end":{"line":72,"column":null}}},"4":{"name":"(anonymous_17)","decl":{"start":{"line":75,"column":8},"end":{"line":75,"column":21}},"loc":{"start":{"line":77,"column":80},"end":{"line":100,"column":null}}},"5":{"name":"(anonymous_19)","decl":{"start":{"line":103,"column":8},"end":{"line":103,"column":18}},"loc":{"start":{"line":103,"column":76},"end":{"line":109,"column":null}}},"6":{"name":"(anonymous_21)","decl":{"start":{"line":11,"column":9},"end":{"line":11,"column":12}},"loc":{"start":{"line":11,"column":15},"end":{"line":11,"column":21}}},"7":{"name":"(anonymous_22)","decl":{"start":{"line":12,"column":29},"end":{"line":12,"column":32}},"loc":{"start":{"line":12,"column":35},"end":{"line":12,"column":50}}},"8":{"name":"(anonymous_23)","decl":{"start":{"line":66,"column":9},"end":{"line":66,"column":12}},"loc":{"start":{"line":66,"column":15},"end":{"line":66,"column":21}}},"9":{"name":"(anonymous_24)","decl":{"start":{"line":74,"column":9},"end":{"line":74,"column":12}},"loc":{"start":{"line":74,"column":15},"end":{"line":74,"column":21}}},"10":{"name":"(anonymous_25)","decl":{"start":{"line":102,"column":12},"end":{"line":102,"column":15}},"loc":{"start":{"line":102,"column":18},"end":{"line":102,"column":24}}},"11":{"name":"(anonymous_26)","decl":{"start":{"line":103,"column":32},"end":{"line":103,"column":35}},"loc":{"start":{"line":103,"column":38},"end":{"line":103,"column":53}}}},"branchMap":{"0":{"loc":{"start":{"line":21,"column":4},"end":{"line":25,"column":5}},"type":"if","locations":[{"start":{"line":21,"column":4},"end":{"line":25,"column":5}},{"start":{"line":23,"column":11},"end":{"line":25,"column":5}}]},"1":{"loc":{"start":{"line":23,"column":11},"end":{"line":25,"column":5}},"type":"if","locations":[{"start":{"line":23,"column":11},"end":{"line":25,"column":5}}]},"2":{"loc":{"start":{"line":39,"column":6},"end":{"line":58,"column":7}},"type":"if","locations":[{"start":{"line":39,"column":6},"end":{"line":58,"column":7}}]},"3":{"loc":{"start":{"line":39,"column":10},"end":{"line":39,"column":57}},"type":"binary-expr","locations":[{"start":{"line":39,"column":10},"end":{"line":39,"column":26}},{"start":{"line":39,"column":30},"end":{"line":39,"column":57}}]},"4":{"loc":{"start":{"line":43,"column":17},"end":{"line":56,"column":12}},"type":"cond-expr","locations":[{"start":{"line":43,"column":33},"end":{"line":43,"column":35}},{"start":{"line":43,"column":33},"end":{"line":56,"column":12}}]},"5":{"loc":{"start":{"line":43,"column":17},"end":{"line":43,"column":35}},"type":"binary-expr","locations":[{"start":{"line":43,"column":17},"end":{"line":43,"column":35}},{"start":{"line":43,"column":33},"end":{"line":43,"column":35}}]},"6":{"loc":{"start":{"line":44,"column":12},"end":{"line":55,"column":13}},"type":"switch","locations":[{"start":{"line":45,"column":14},"end":{"line":46,"column":41}},{"start":{"line":47,"column":14},"end":{"line":48,"column":64}},{"start":{"line":49,"column":14},"end":{"line":50,"column":65}},{"start":{"line":51,"column":14},"end":{"line":52,"column":43}},{"start":{"line":53,"column":14},"end":{"line":54,"column":28}}]},"7":{"loc":{"start":{"line":48,"column":23},"end":{"line":48,"column":63}},"type":"binary-expr","locations":[{"start":{"line":48,"column":23},"end":{"line":48,"column":41}},{"start":{"line":48,"column":45},"end":{"line":48,"column":63}}]},"8":{"loc":{"start":{"line":50,"column":23},"end":{"line":50,"column":64}},"type":"binary-expr","locations":[{"start":{"line":50,"column":23},"end":{"line":50,"column":42}},{"start":{"line":50,"column":46},"end":{"line":50,"column":64}}]},"9":{"loc":{"start":{"line":83,"column":4},"end":{"line":88,"column":5}},"type":"if","locations":[{"start":{"line":83,"column":4},"end":{"line":88,"column":5}},{"start":{"line":85,"column":11},"end":{"line":88,"column":5}}]},"10":{"loc":{"start":{"line":85,"column":11},"end":{"line":88,"column":5}},"type":"if","locations":[{"start":{"line":85,"column":11},"end":{"line":88,"column":5}},{"start":{"line":87,"column":11},"end":{"line":88,"column":5}}]},"11":{"loc":{"start":{"line":87,"column":11},"end":{"line":88,"column":5}},"type":"if","locations":[{"start":{"line":87,"column":11},"end":{"line":88,"column":5}}]},"12":{"loc":{"start":{"line":95,"column":4},"end":{"line":97,"column":5}},"type":"if","locations":[{"start":{"line":95,"column":4},"end":{"line":97,"column":5}}]}},"s":{"0":1,"1":1,"2":1,"3":1,"4":1,"5":1,"6":4,"7":4,"8":4,"9":2,"10":2,"11":1,"12":4,"13":4,"14":4,"15":4,"16":2,"17":8,"18":8,"19":12,"20":8,"21":0,"22":4,"23":0,"24":0,"25":4,"26":0,"27":0,"28":0,"29":0,"30":0,"31":0,"32":0,"33":0,"34":0,"35":0,"36":0,"37":0,"38":0,"39":0,"40":0,"41":0,"42":0,"43":0,"44":0,"45":1,"46":1,"47":0,"48":0,"49":1,"50":0,"51":1,"52":0,"53":1,"54":0,"55":0,"56":1},"f":{"0":4,"1":8,"2":12,"3":0,"4":0,"5":0,"6":0,"7":0,"8":0,"9":0,"10":0,"11":0},"b":{"0":[2,2],"1":[1],"2":[2],"3":[4,4],"4":[0,8],"5":[8,8],"6":[8,0,4,0,0],"7":[0,0],"8":[4,4],"9":[0,0],"10":[0,0],"11":[0],"12":[0]}}
,"C:\\Users\\maxim\\Desktop\\wild_code_school\\alternance\\projets\\2024-09-wns-jaune-blablawild\\Backend\\src\\resolvers\\userResolver.ts": {"path":"C:\\Users\\maxim\\Desktop\\wild_code_school\\alternance\\projets\\2024-09-wns-jaune-blablawild\\Backend\\src\\resolvers\\userResolver.ts","statementMap":{"0":{"start":{"line":1,"column":0},"end":{"line":1,"column":80}},"1":{"start":{"line":2,"column":0},"end":{"line":2,"column":40}},"2":{"start":{"line":3,"column":0},"end":{"line":3,"column":32}},"3":{"start":{"line":6,"column":8},"end":{"line":15,"column":null}},"4":{"start":{"line":6,"column":14},"end":{"line":6,"column":26}},"5":{"start":{"line":8,"column":2},"end":{"line":8,"column":null}},"6":{"start":{"line":10,"column":2},"end":{"line":10,"column":null}},"7":{"start":{"line":12,"column":2},"end":{"line":12,"column":null}},"8":{"start":{"line":14,"column":2},"end":{"line":14,"column":null}},"9":{"start":{"line":6,"column":14},"end":{"line":15,"column":null}},"10":{"start":{"line":18,"column":7},"end":{"line":48,"column":null}},"11":{"start":{"line":21,"column":18},"end":{"line":21,"column":35}},"12":{"start":{"line":22,"column":4},"end":{"line":22,"column":17}},"13":{"start":{"line":27,"column":4},"end":{"line":46,"column":5}},"14":{"start":{"line":28,"column":27},"end":{"line":30,"column":8}},"15":{"start":{"line":31,"column":6},"end":{"line":33,"column":7}},"16":{"start":{"line":32,"column":8},"end":{"line":32,"column":53}},"17":{"start":{"line":34,"column":29},"end":{"line":34,"column":64}},"18":{"start":{"line":35,"column":6},"end":{"line":40,"column":9}},"19":{"start":{"line":42,"column":6},"end":{"line":42,"column":61}},"20":{"start":{"line":44,"column":6},"end":{"line":44,"column":51}},"21":{"start":{"line":45,"column":6},"end":{"line":45,"column":18}},"22":{"start":{"line":18,"column":13},"end":{"line":18,"column":25}},"23":{"start":{"line":20,"column":8},"end":{"line":23,"column":null}},"24":{"start":{"line":19,"column":15},"end":{"line":19,"column":21}},"25":{"start":{"line":26,"column":8},"end":{"line":47,"column":null}},"26":{"start":{"line":25,"column":18},"end":{"line":25,"column":24}},"27":{"start":{"line":18,"column":13},"end":{"line":48,"column":null}}},"fnMap":{"0":{"name":"(anonymous_20)","decl":{"start":{"line":20,"column":8},"end":{"line":20,"column":16}},"loc":{"start":{"line":20,"column":16},"end":{"line":23,"column":null}}},"1":{"name":"(anonymous_22)","decl":{"start":{"line":26,"column":8},"end":{"line":26,"column":14}},"loc":{"start":{"line":26,"column":50},"end":{"line":47,"column":null}}},"2":{"name":"(anonymous_24)","decl":{"start":{"line":19,"column":9},"end":{"line":19,"column":12}},"loc":{"start":{"line":19,"column":15},"end":{"line":19,"column":21}}},"3":{"name":"(anonymous_25)","decl":{"start":{"line":25,"column":12},"end":{"line":25,"column":15}},"loc":{"start":{"line":25,"column":18},"end":{"line":25,"column":24}}}},"branchMap":{"0":{"loc":{"start":{"line":31,"column":6},"end":{"line":33,"column":7}},"type":"if","locations":[{"start":{"line":31,"column":6},"end":{"line":33,"column":7}}]}},"s":{"0":1,"1":1,"2":1,"3":1,"4":1,"5":1,"6":1,"7":1,"8":1,"9":1,"10":1,"11":0,"12":0,"13":2,"14":2,"15":2,"16":1,"17":1,"18":1,"19":1,"20":1,"21":1,"22":1,"23":1,"24":0,"25":1,"26":0,"27":1},"f":{"0":0,"1":2,"2":0,"3":0},"b":{"0":[1]}}
,"C:\\Users\\maxim\\Desktop\\wild_code_school\\alternance\\projets\\2024-09-wns-jaune-blablawild\\Backend\\src\\services\\TripServices.ts": {"path":"C:\\Users\\maxim\\Desktop\\wild_code_school\\alternance\\projets\\2024-09-wns-jaune-blablawild\\Backend\\src\\services\\TripServices.ts","statementMap":{"0":{"start":{"line":1,"column":26},"end":{"line":9,"column":1}},"1":{"start":{"line":2,"column":4},"end":{"line":8,"column":null}},"2":{"start":{"line":1,"column":13},"end":{"line":1,"column":26}}},"fnMap":{"0":{"name":"(anonymous_0)","decl":{"start":{"line":1,"column":26},"end":{"line":1,"column":29}},"loc":{"start":{"line":1,"column":31},"end":{"line":9,"column":1}}}},"branchMap":{},"s":{"0":0,"1":0,"2":0},"f":{"0":0},"b":{}}
,"C:\\Users\\maxim\\Desktop\\wild_code_school\\alternance\\projets\\2024-09-wns-jaune-blablawild\\Backend\\src\\type\\tripType.ts": {"path":"C:\\Users\\maxim\\Desktop\\wild_code_school\\alternance\\projets\\2024-09-wns-jaune-blablawild\\Backend\\src\\type\\tripType.ts","statementMap":{"0":{"start":{"line":1,"column":0},"end":{"line":1,"column":66}},"1":{"start":{"line":3,"column":0},"end":{"line":3,"column":null}},"2":{"start":{"line":4,"column":2},"end":{"line":4,"column":null}},"3":{"start":{"line":5,"column":2},"end":{"line":5,"column":null}},"4":{"start":{"line":6,"column":2},"end":{"line":6,"column":null}},"5":{"start":{"line":9,"column":0},"end":{"line":9,"column":null}},"6":{"start":{"line":10,"column":2},"end":{"line":10,"column":null}},"7":{"start":{"line":11,"column":2},"end":{"line":11,"column":null}},"8":{"start":{"line":12,"column":2},"end":{"line":12,"column":null}},"9":{"start":{"line":13,"column":2},"end":{"line":13,"column":null}},"10":{"start":{"line":16,"column":0},"end":{"line":16,"column":null}},"11":{"start":{"line":17,"column":2},"end":{"line":17,"column":null}},"12":{"start":{"line":18,"column":2},"end":{"line":18,"column":null}},"13":{"start":{"line":21,"column":0},"end":{"line":24,"column":3}},"14":{"start":{"line":26,"column":0},"end":{"line":29,"column":3}},"15":{"start":{"line":31,"column":0},"end":{"line":34,"column":3}},"16":{"start":{"line":37,"column":7},"end":{"line":55,"column":null}},"17":{"start":{"line":37,"column":13},"end":{"line":37,"column":28}},"18":{"start":{"line":39,"column":2},"end":{"line":39,"column":null}},"19":{"start":{"line":42,"column":2},"end":{"line":42,"column":null}},"20":{"start":{"line":45,"column":2},"end":{"line":45,"column":null}},"21":{"start":{"line":48,"column":2},"end":{"line":48,"column":null}},"22":{"start":{"line":51,"column":2},"end":{"line":51,"column":null}},"23":{"start":{"line":54,"column":2},"end":{"line":54,"column":null}},"24":{"start":{"line":37,"column":13},"end":{"line":55,"column":null}},"25":{"start":{"line":58,"column":7},"end":{"line":79,"column":null}},"26":{"start":{"line":58,"column":13},"end":{"line":58,"column":28}},"27":{"start":{"line":60,"column":2},"end":{"line":60,"column":null}},"28":{"start":{"line":63,"column":2},"end":{"line":63,"column":null}},"29":{"start":{"line":66,"column":2},"end":{"line":66,"column":null}},"30":{"start":{"line":65,"column":15},"end":{"line":65,"column":19}},"31":{"start":{"line":69,"column":2},"end":{"line":69,"column":null}},"32":{"start":{"line":68,"column":15},"end":{"line":68,"column":19}},"33":{"start":{"line":72,"column":2},"end":{"line":72,"column":null}},"34":{"start":{"line":75,"column":2},"end":{"line":75,"column":null}},"35":{"start":{"line":74,"column":15},"end":{"line":74,"column":27}},"36":{"start":{"line":78,"column":2},"end":{"line":78,"column":null}},"37":{"start":{"line":77,"column":15},"end":{"line":77,"column":25}},"38":{"start":{"line":58,"column":13},"end":{"line":79,"column":null}}},"fnMap":{"0":{"name":"(anonymous_2)","decl":{"start":{"line":3,"column":0},"end":{"line":3,"column":12}},"loc":{"start":{"line":3,"column":22},"end":{"line":7,"column":1}}},"1":{"name":"(anonymous_3)","decl":{"start":{"line":9,"column":0},"end":{"line":9,"column":12}},"loc":{"start":{"line":9,"column":22},"end":{"line":14,"column":1}}},"2":{"name":"(anonymous_4)","decl":{"start":{"line":16,"column":0},"end":{"line":16,"column":12}},"loc":{"start":{"line":16,"column":22},"end":{"line":19,"column":1}}},"3":{"name":"(anonymous_5)","decl":{"start":{"line":65,"column":9},"end":{"line":65,"column":12}},"loc":{"start":{"line":65,"column":15},"end":{"line":65,"column":19}}},"4":{"name":"(anonymous_6)","decl":{"start":{"line":68,"column":9},"end":{"line":68,"column":12}},"loc":{"start":{"line":68,"column":15},"end":{"line":68,"column":19}}},"5":{"name":"(anonymous_7)","decl":{"start":{"line":74,"column":9},"end":{"line":74,"column":12}},"loc":{"start":{"line":74,"column":15},"end":{"line":74,"column":27}}},"6":{"name":"(anonymous_8)","decl":{"start":{"line":77,"column":9},"end":{"line":77,"column":12}},"loc":{"start":{"line":77,"column":15},"end":{"line":77,"column":25}}}},"branchMap":{"0":{"loc":{"start":{"line":3,"column":12},"end":{"line":3,"column":null}},"type":"binary-expr","locations":[{"start":{"line":3,"column":12},"end":{"line":3,"column":22}},{"start":{"line":3,"column":22},"end":{"line":3,"column":null}}]},"1":{"loc":{"start":{"line":9,"column":12},"end":{"line":9,"column":null}},"type":"binary-expr","locations":[{"start":{"line":9,"column":12},"end":{"line":9,"column":22}},{"start":{"line":9,"column":22},"end":{"line":9,"column":null}}]},"2":{"loc":{"start":{"line":16,"column":12},"end":{"line":16,"column":null}},"type":"binary-expr","locations":[{"start":{"line":16,"column":12},"end":{"line":16,"column":22}},{"start":{"line":16,"column":22},"end":{"line":16,"column":null}}]}},"s":{"0":3,"1":3,"2":3,"3":3,"4":3,"5":3,"6":3,"7":3,"8":3,"9":3,"10":3,"11":3,"12":3,"13":3,"14":3,"15":3,"16":3,"17":3,"18":3,"19":3,"20":3,"21":3,"22":3,"23":3,"24":3,"25":3,"26":3,"27":3,"28":3,"29":3,"30":0,"31":3,"32":0,"33":3,"34":3,"35":0,"36":3,"37":0,"38":3},"f":{"0":3,"1":3,"2":3,"3":0,"4":0,"5":0,"6":0},"b":{"0":[3,3],"1":[3,3],"2":[3,3]}}
}
