TN:
SF:src\index.ts
FN:9,StartGraphQLServer
FNF:1
FNH:0
FNDA:0,StartGraphQLServer
DA:1,0
DA:2,0
DA:3,0
DA:4,0
DA:5,0
DA:6,0
DA:7,0
DA:10,0
DA:11,0
DA:15,0
DA:16,0
DA:20,0
DA:23,0
LF:13
LH:0
BRF:0
BRH:0
end_of_record
TN:
SF:src\config\db.ts
FNF:0
FNH:0
DA:1,0
DA:2,0
DA:3,0
DA:4,0
DA:5,0
DA:6,0
DA:8,0
DA:10,0
DA:12,0
LF:9
LH:0
BRF:0
BRH:0
end_of_record
TN:
SF:src\entities\review.ts
FN:15,(anonymous_2)
FN:31,(anonymous_3)
FN:32,(anonymous_4)
FN:32,(anonymous_5)
FN:35,(anonymous_6)
FN:36,(anonymous_7)
FN:36,(anonymous_8)
FN:39,(anonymous_9)
FN:40,(anonymous_10)
FN:40,(anonymous_11)
FNF:10
FNH:0
FNDA:0,(anonymous_2)
FNDA:0,(anonymous_3)
FNDA:0,(anonymous_4)
FNDA:0,(anonymous_5)
FNDA:0,(anonymous_6)
FNDA:0,(anonymous_7)
FNDA:0,(anonymous_8)
FNDA:0,(anonymous_9)
FNDA:0,(anonymous_10)
FNDA:0,(anonymous_11)
DA:1,3
DA:2,3
DA:9,3
DA:10,3
DA:14,3
DA:15,0
DA:17,3
DA:21,3
DA:25,3
DA:29,3
DA:31,0
DA:32,0
DA:33,3
DA:35,0
DA:36,0
DA:37,3
DA:39,0
DA:40,0
DA:41,3
LF:19
LH:12
BRF:0
BRH:0
end_of_record
TN:
SF:src\entities\transaction.ts
FN:15,(anonymous_2)
FN:35,(anonymous_3)
FN:36,(anonymous_4)
FN:36,(anonymous_5)
FN:39,(anonymous_6)
FN:40,(anonymous_7)
FN:40,(anonymous_8)
FN:43,(anonymous_9)
FN:44,(anonymous_10)
FN:44,(anonymous_11)
FNF:10
FNH:0
FNDA:0,(anonymous_2)
FNDA:0,(anonymous_3)
FNDA:0,(anonymous_4)
FNDA:0,(anonymous_5)
FNDA:0,(anonymous_6)
FNDA:0,(anonymous_7)
FNDA:0,(anonymous_8)
FNDA:0,(anonymous_9)
FNDA:0,(anonymous_10)
FNDA:0,(anonymous_11)
DA:1,3
DA:2,3
DA:9,3
DA:10,3
DA:14,3
DA:15,0
DA:17,3
DA:21,3
DA:25,3
DA:29,3
DA:33,3
DA:35,0
DA:36,0
DA:37,3
DA:39,0
DA:40,0
DA:41,3
DA:43,0
DA:44,0
DA:45,3
LF:20
LH:13
BRF:0
BRH:0
end_of_record
TN:
SF:src\entities\trip.ts
FN:20,(anonymous_2)
FN:44,(anonymous_3)
FN:48,(anonymous_4)
FN:50,(anonymous_5)
FN:50,(anonymous_6)
FN:53,(anonymous_7)
FN:54,(anonymous_8)
FN:54,(anonymous_9)
FN:57,(anonymous_10)
FN:58,(anonymous_11)
FN:58,(anonymous_12)
FN:61,(anonymous_13)
FN:62,(anonymous_14)
FN:62,(anonymous_15)
FNF:14
FNH:0
FNDA:0,(anonymous_2)
FNDA:0,(anonymous_3)
FNDA:0,(anonymous_4)
FNDA:0,(anonymous_5)
FNDA:0,(anonymous_6)
FNDA:0,(anonymous_7)
FNDA:0,(anonymous_8)
FNDA:0,(anonymous_9)
FNDA:0,(anonymous_10)
FNDA:0,(anonymous_11)
FNDA:0,(anonymous_12)
FNDA:0,(anonymous_13)
FNDA:0,(anonymous_14)
FNDA:0,(anonymous_15)
DA:1,2
DA:2,2
DA:12,2
DA:13,2
DA:14,2
DA:15,2
DA:19,2
DA:20,0
DA:22,2
DA:26,2
DA:30,2
DA:34,2
DA:38,2
DA:42,2
DA:44,0
DA:46,2
DA:48,0
DA:50,0
DA:51,2
DA:53,0
DA:54,0
DA:55,2
DA:57,0
DA:58,0
DA:59,2
DA:61,0
DA:62,0
DA:63,2
LF:28
LH:18
BRF:0
BRH:0
end_of_record
TN:
SF:src\entities\user.ts
FN:17,(anonymous_2)
FN:50,(anonymous_3)
FN:51,(anonymous_4)
FN:51,(anonymous_5)
FN:54,(anonymous_6)
FN:55,(anonymous_7)
FN:55,(anonymous_8)
FN:58,(anonymous_9)
FN:59,(anonymous_10)
FN:59,(anonymous_11)
FN:62,(anonymous_12)
FN:63,(anonymous_13)
FN:63,(anonymous_14)
FN:66,(anonymous_15)
FN:67,(anonymous_16)
FN:67,(anonymous_17)
FN:70,(anonymous_18)
FN:71,(anonymous_19)
FN:71,(anonymous_20)
FNF:19
FNH:0
FNDA:0,(anonymous_2)
FNDA:0,(anonymous_3)
FNDA:0,(anonymous_4)
FNDA:0,(anonymous_5)
FNDA:0,(anonymous_6)
FNDA:0,(anonymous_7)
FNDA:0,(anonymous_8)
FNDA:0,(anonymous_9)
FNDA:0,(anonymous_10)
FNDA:0,(anonymous_11)
FNDA:0,(anonymous_12)
FNDA:0,(anonymous_13)
FNDA:0,(anonymous_14)
FNDA:0,(anonymous_15)
FNDA:0,(anonymous_16)
FNDA:0,(anonymous_17)
FNDA:0,(anonymous_18)
FNDA:0,(anonymous_19)
FNDA:0,(anonymous_20)
DA:1,3
DA:2,3
DA:10,3
DA:11,3
DA:12,3
DA:16,3
DA:17,0
DA:19,3
DA:23,3
DA:27,3
DA:31,3
DA:35,3
DA:39,3
DA:48,3
DA:50,0
DA:51,0
DA:52,3
DA:54,0
DA:55,0
DA:56,3
DA:58,0
DA:59,0
DA:60,3
DA:62,0
DA:63,0
DA:64,3
DA:66,0
DA:67,0
DA:68,3
DA:70,0
DA:71,0
DA:72,3
LF:32
LH:19
BRF:0
BRH:0
end_of_record
TN:
SF:src\resolvers\tripResolver.ts
FN:12,(anonymous_11)
FN:40,(anonymous_13)
FN:43,(anonymous_14)
FN:67,(anonymous_15)
FN:75,(anonymous_17)
FN:103,(anonymous_19)
FN:11,(anonymous_21)
FN:12,(anonymous_22)
FN:66,(anonymous_23)
FN:74,(anonymous_24)
FN:102,(anonymous_25)
FN:103,(anonymous_26)
FNF:12
FNH:3
FNDA:4,(anonymous_11)
FNDA:8,(anonymous_13)
FNDA:12,(anonymous_14)
FNDA:0,(anonymous_15)
FNDA:0,(anonymous_17)
FNDA:0,(anonymous_19)
FNDA:0,(anonymous_21)
FNDA:0,(anonymous_22)
FNDA:0,(anonymous_23)
FNDA:0,(anonymous_24)
FNDA:0,(anonymous_25)
FNDA:0,(anonymous_26)
DA:1,1
DA:2,1
DA:3,1
DA:4,1
DA:5,1
DA:10,1
DA:11,0
DA:12,1
DA:13,4
DA:20,4
DA:21,4
DA:22,2
DA:23,2
DA:24,1
DA:27,4
DA:28,4
DA:37,4
DA:39,4
DA:40,2
DA:41,8
DA:43,8
DA:44,12
DA:46,8
DA:48,0
DA:50,4
DA:52,0
DA:54,0
DA:60,4
DA:62,0
DA:66,0
DA:67,1
DA:68,0
DA:71,0
DA:74,0
DA:75,1
DA:79,0
DA:81,0
DA:83,0
DA:84,0
DA:85,0
DA:86,0
DA:87,0
DA:90,0
DA:95,0
DA:96,0
DA:99,0
DA:102,0
DA:103,1
DA:104,0
DA:105,0
DA:106,0
DA:107,0
DA:108,0
LF:53
LH:27
BRDA:21,0,0,2
BRDA:21,0,1,2
BRDA:23,1,0,1
BRDA:39,2,0,2
BRDA:39,3,0,4
BRDA:39,3,1,4
BRDA:43,4,0,0
BRDA:43,4,1,8
BRDA:43,5,0,8
BRDA:43,5,1,8
BRDA:44,6,0,8
BRDA:44,6,1,0
BRDA:44,6,2,4
BRDA:44,6,3,0
BRDA:44,6,4,0
BRDA:48,7,0,0
BRDA:48,7,1,0
BRDA:50,8,0,4
BRDA:50,8,1,4
BRDA:83,9,0,0
BRDA:83,9,1,0
BRDA:85,10,0,0
BRDA:85,10,1,0
BRDA:87,11,0,0
BRDA:95,12,0,0
BRF:25
BRH:13
end_of_record
TN:
SF:src\resolvers\userResolver.ts
FN:20,(anonymous_20)
FN:26,(anonymous_22)
FN:19,(anonymous_24)
FN:25,(anonymous_25)
FNF:4
FNH:1
FNDA:0,(anonymous_20)
FNDA:2,(anonymous_22)
FNDA:0,(anonymous_24)
FNDA:0,(anonymous_25)
DA:1,1
DA:2,1
DA:3,1
DA:6,1
DA:8,1
DA:10,1
DA:12,1
DA:14,1
DA:18,1
DA:19,0
DA:20,1
DA:21,0
DA:22,0
DA:25,0
DA:26,1
DA:27,2
DA:28,2
DA:31,2
DA:32,1
DA:34,1
DA:35,1
DA:42,1
DA:44,1
DA:45,1
LF:24
LH:20
BRDA:31,0,0,1
BRF:1
BRH:1
end_of_record
TN:
SF:src\services\TripServices.ts
FN:1,(anonymous_0)
FNF:1
FNH:0
FNDA:0,(anonymous_0)
DA:1,0
DA:2,0
LF:2
LH:0
BRF:0
BRH:0
end_of_record
TN:
SF:src\type\tripType.ts
FN:3,(anonymous_2)
FN:9,(anonymous_3)
FN:16,(anonymous_4)
FN:65,(anonymous_5)
FN:68,(anonymous_6)
FN:74,(anonymous_7)
FN:77,(anonymous_8)
FNF:7
FNH:3
FNDA:3,(anonymous_2)
FNDA:3,(anonymous_3)
FNDA:3,(anonymous_4)
FNDA:0,(anonymous_5)
FNDA:0,(anonymous_6)
FNDA:0,(anonymous_7)
FNDA:0,(anonymous_8)
DA:1,3
DA:3,3
DA:4,3
DA:5,3
DA:6,3
DA:9,3
DA:10,3
DA:11,3
DA:12,3
DA:13,3
DA:16,3
DA:17,3
DA:18,3
DA:21,3
DA:26,3
DA:31,3
DA:37,3
DA:39,3
DA:42,3
DA:45,3
DA:48,3
DA:51,3
DA:54,3
DA:58,3
DA:60,3
DA:63,3
DA:65,0
DA:66,3
DA:68,0
DA:69,3
DA:72,3
DA:74,0
DA:75,3
DA:77,0
DA:78,3
LF:35
LH:31
BRDA:3,0,0,3
BRDA:3,0,1,3
BRDA:9,1,0,3
BRDA:9,1,1,3
BRDA:16,2,0,3
BRDA:16,2,1,3
BRF:6
BRH:6
end_of_record
